Flutter crash report.
Please report a bug at https://github.com/flutter/flutter/issues.

## command

flutter debug_adapter

## exception

RPCError: getIsolate: (-32000) Service connection disposed

```
#0      new _OutstandingRequest (package:vm_service/src/vm_service.dart:261:34)
#1      VmService._call.<anonymous closure> (package:vm_service/src/vm_service.dart:1778:25)
#2      VmService._call (package:vm_service/src/vm_service.dart:1790:8)
#3      VmService.getIsolate (package:vm_service/src/vm_service.dart:896:7)
#4      IsolateManager._sendLibraryDebuggables (package:dds/src/dap/isolate_manager.dart:1030:35)
#5      IsolateManager._configureIsolate (package:dds/src/dap/isolate_manager.dart:553:9)
#6      IsolateManager.registerIsolate (package:dds/src/dap/isolate_manager.dart:246:13)
#7      IsolateManager.handleEvent (package:dds/src/dap/isolate_manager.dart:189:13)
#8      DartDebugAdapter.handleIsolateEvent (package:dds/src/dap/adapters/dart.dart:2504:26)
<asynchronous suspension>
#9      DartDebugAdapter._withErrorHandling (package:dds/src/dap/adapters/dart.dart:2821:14)
<asynchronous suspension>
```

## flutter doctor

```
[✓] Flutter (Channel stable, 3.24.3, on Microsoft Windows [Version 10.0.22631.4317], locale en-IN)
    • Flutter version 3.24.3 on channel stable at C:\flutter
    • Upstream repository https://github.com/flutter/flutter.git
    • Framework revision 2663184aa7 (8 weeks ago), 2024-09-11 16:27:48 -0500
    • Engine revision 36335019a8
    • Dart version 3.5.3
    • DevTools version 2.37.3

[✓] Windows Version (Installed version of Windows is version 10 or higher)

[✓] Android toolchain - develop for Android devices (Android SDK version 34.0.0)
    • Android SDK at C:\Users\sadiq\AppData\Local\Android\sdk
    • Platform android-34, build-tools 34.0.0
    • Java binary at: C:\Program Files\Android\Android Studio\jbr\bin\java
    • Java version OpenJDK Runtime Environment (build 17.0.11+0--11852314)
    • All Android licenses accepted.

[✓] Chrome - develop for the web
    • Chrome at C:\Program Files\Google\Chrome\Application\chrome.exe

[✗] Visual Studio - develop Windows apps
    ✗ Visual Studio not installed; this is necessary to develop Windows apps.
      Download at https://visualstudio.microsoft.com/downloads/.
      Please install the "Desktop development with C++" workload, including all of its default components

[✓] Android Studio (version 2024.1)
    • Android Studio at C:\Program Files\Android\Android Studio
    • Flutter plugin can be installed from:
      🔨 https://plugins.jetbrains.com/plugin/9212-flutter
    • Dart plugin can be installed from:
      🔨 https://plugins.jetbrains.com/plugin/6351-dart
    • Java version OpenJDK Runtime Environment (build 17.0.11+0--11852314)

[✓] VS Code (version 1.95.1)
    • VS Code at C:\Users\sadiq\AppData\Local\Programs\Microsoft VS Code
    • Flutter extension version 3.100.0

[✓] Connected device (3 available)
    • Windows (desktop) • windows • windows-x64    • Microsoft Windows [Version 10.0.22631.4317]
    • Chrome (web)      • chrome  • web-javascript • Google Chrome 130.0.6723.92
    • Edge (web)        • edge    • web-javascript • Microsoft Edge 130.0.2849.68

[✓] Network resources
    • All expected network resources are available.

! Doctor found issues in 1 category.
```
